2025-10-17 23:20:58 - app.main - INFO - Allowed CORS origins: ['http://localhost:3000']
2025-10-17 23:21:04 - app.main - INFO - Allowed CORS origins: ['http://localhost:3000']
2025-10-17 23:21:07 - app.main - INFO - Allowed CORS origins: ['http://localhost:3000']
2025-10-17 23:21:12 - app.main - INFO - Allowed CORS origins: ['http://localhost:3000']
2025-10-17 23:21:21 - app.main - INFO - Allowed CORS origins: ['http://localhost:3000']
2025-10-17 23:23:44 - app.main - INFO - Allowed CORS origins: ['http://localhost:3000']
2025-10-17 23:23:56 - app.main - INFO - Allowed CORS origins: ['http://localhost:3000']
2025-10-18 00:38:15 - app.main - INFO - Allowed CORS origins: ['http://localhost:3000']
2025-10-18 00:39:06 - login_debug - INFO - ============================================================
2025-10-18 00:39:06 - login_debug - INFO - === FASTAPI BACKEND: /auth/google ===
2025-10-18 00:39:06 - login_debug - INFO - ============================================================
2025-10-18 00:39:06 - login_debug - INFO - 🔵 Timestamp: 2025-10-18 00:39:06.589690+05:30
2025-10-18 00:39:06 - login_debug - INFO - 📦 Received id_token length: 1192
2025-10-18 00:39:06 - login_debug - INFO - 🔍 Verifying Google token with Google API...
2025-10-18 00:39:06 - google_auth - INFO - --- GOOGLE TOKEN VERIFICATION SERVICE ---
2025-10-18 00:39:06 - google_auth - INFO - Calling Google API to verify token...
2025-10-18 00:39:06 - google_auth - ERROR - Token verification failed (ValueError): Token has wrong audience 91594839033-tsceqr2lslc9lkicdf6adtg4mf2rac22.apps.googleusercontent.com, expected one of ['gsparsh220598@gmail.com']
2025-10-18 00:39:06 - google_auth - ERROR -    Error type: InvalidValue
2025-10-18 00:39:06 - google_auth - ERROR -    Stack trace:
Traceback (most recent call last):
  File "/home/gsparsh/therapy-bro/backend/app/google_auth.py", line 29, in verify_google_token
    idinfo = id_token.verify_oauth2_token(
        token, requests.Request(), self.client_id
    )
  File "/home/gsparsh/miniconda3/envs/therapybro/lib/python3.13/site-packages/google/oauth2/id_token.py", line 161, in verify_oauth2_token
    idinfo = verify_token(
        id_token,
    ...<3 lines>...
        clock_skew_in_seconds=clock_skew_in_seconds,
    )
  File "/home/gsparsh/miniconda3/envs/therapybro/lib/python3.13/site-packages/google/oauth2/id_token.py", line 133, in verify_token
    return jwt.decode(
           ~~~~~~~~~~^
        id_token,
        ^^^^^^^^^
    ...<2 lines>...
        clock_skew_in_seconds=clock_skew_in_seconds,
        ^^^^^^^^^^^^^^^^^^^^^^^^^^^^^^^^^^^^^^^^^^^^
    )
    ^
  File "/home/gsparsh/miniconda3/envs/therapybro/lib/python3.13/site-packages/google/auth/jwt.py", line 310, in decode
    raise exceptions.InvalidValue(
    ...<3 lines>...
    )
google.auth.exceptions.InvalidValue: Token has wrong audience 91594839033-tsceqr2lslc9lkicdf6adtg4mf2rac22.apps.googleusercontent.com, expected one of ['gsparsh220598@gmail.com']

2025-10-18 00:39:06 - login_debug - ERROR - ❌ Google token verification FAILED
2025-10-18 00:41:04 - app.main - INFO - Allowed CORS origins: ['http://localhost:3000']
2025-10-18 00:41:12 - app.main - INFO - Allowed CORS origins: ['http://localhost:3000']
2025-10-18 00:41:24 - app.main - INFO - Allowed CORS origins: ['http://localhost:3000']
2025-10-18 00:41:34 - app.main - INFO - Allowed CORS origins: ['http://localhost:3000']
2025-10-18 00:41:42 - app.main - INFO - Allowed CORS origins: ['http://localhost:3000']
2025-10-18 00:41:52 - app.main - INFO - Allowed CORS origins: ['http://localhost:3000']
2025-10-18 00:41:56 - app.main - INFO - Allowed CORS origins: ['http://localhost:3000']
2025-10-18 00:41:56 - app.main - INFO - Starting TherapyBro application
2025-10-18 00:41:56 - app.main - INFO - Database initialized successfully
2025-10-18 00:42:18 - app.main - INFO - Shutting down TherapyBro application
2025-10-18 00:42:19 - app.main - INFO - Allowed CORS origins: ['http://localhost:3000']
2025-10-18 00:42:19 - app.main - INFO - Starting TherapyBro application
2025-10-18 00:42:19 - app.main - INFO - Database initialized successfully
2025-10-18 00:42:23 - app.main - INFO - Shutting down TherapyBro application
2025-10-18 00:42:23 - app.main - INFO - Allowed CORS origins: ['http://localhost:3000']
2025-10-18 00:42:23 - app.main - INFO - Starting TherapyBro application
2025-10-18 00:42:23 - app.main - INFO - Database initialized successfully
2025-10-18 00:42:44 - app.main - INFO - Shutting down TherapyBro application
2025-10-18 00:42:45 - app.main - INFO - Allowed CORS origins: ['http://localhost:3000']
2025-10-18 00:42:45 - app.main - INFO - Starting TherapyBro application
2025-10-18 00:42:45 - app.main - INFO - Database initialized successfully
2025-10-18 00:43:01 - app.main - INFO - Shutting down TherapyBro application
2025-10-18 00:43:02 - app.main - INFO - Allowed CORS origins: ['http://localhost:3000']
2025-10-18 00:43:02 - app.main - INFO - Starting TherapyBro application
2025-10-18 00:43:02 - app.main - INFO - Database initialized successfully
2025-10-18 00:43:21 - app.main - INFO - Shutting down TherapyBro application
2025-10-18 00:43:22 - app.main - INFO - Allowed CORS origins: ['http://localhost:3000']
2025-10-18 00:43:22 - app.main - INFO - Starting TherapyBro application
2025-10-18 00:43:22 - app.main - INFO - Database initialized successfully
2025-10-18 00:43:30 - app.main - INFO - Shutting down TherapyBro application
2025-10-18 00:43:31 - app.main - INFO - Allowed CORS origins: ['http://localhost:3000']
2025-10-18 00:43:31 - app.main - INFO - Starting TherapyBro application
2025-10-18 00:43:31 - app.main - INFO - Database initialized successfully
2025-10-18 00:43:36 - app.main - INFO - Shutting down TherapyBro application
2025-10-18 00:43:37 - app.main - INFO - Allowed CORS origins: ['http://localhost:3000']
2025-10-18 00:43:37 - app.main - INFO - Starting TherapyBro application
2025-10-18 00:43:37 - app.main - INFO - Database initialized successfully
2025-10-18 00:43:40 - app.main - INFO - Shutting down TherapyBro application
2025-10-18 00:43:41 - app.main - INFO - Allowed CORS origins: ['http://localhost:3000']
2025-10-18 00:43:41 - app.main - INFO - Starting TherapyBro application
2025-10-18 00:43:41 - app.main - INFO - Database initialized successfully
2025-10-18 00:47:00 - app.main - INFO - Shutting down TherapyBro application
2025-10-18 00:47:01 - app.main - INFO - Allowed CORS origins: ['http://localhost:3000']
2025-10-18 00:47:01 - app.main - INFO - Starting TherapyBro application
2025-10-18 00:47:01 - app.main - INFO - Database initialized successfully
2025-10-18 00:48:01 - app.main - INFO - Shutting down TherapyBro application
2025-10-18 00:48:02 - app.main - INFO - Allowed CORS origins: ['http://localhost:3000']
2025-10-18 00:48:02 - app.main - INFO - Starting TherapyBro application
2025-10-18 00:48:02 - app.main - INFO - Database initialized successfully
2025-10-18 01:09:59 - app.main - INFO - Shutting down TherapyBro application
2025-10-18 01:09:59 - app.main - INFO - Allowed CORS origins: ['http://localhost:3000']
2025-10-18 01:09:59 - app.main - INFO - Starting TherapyBro application
2025-10-18 01:09:59 - app.main - INFO - Database initialized successfully
2025-10-18 01:10:28 - app.main - INFO - Shutting down TherapyBro application
2025-10-18 01:10:29 - app.main - INFO - Allowed CORS origins: ['http://localhost:3000']
2025-10-18 01:10:29 - app.main - INFO - Starting TherapyBro application
2025-10-18 01:10:29 - app.main - INFO - Database initialized successfully
2025-10-18 01:11:28 - app.main - INFO - Shutting down TherapyBro application
2025-10-18 01:11:28 - app.main - INFO - Allowed CORS origins: ['http://localhost:3000']
2025-10-18 01:11:28 - app.main - INFO - Starting TherapyBro application
2025-10-18 01:11:28 - app.main - INFO - Database initialized successfully
2025-10-18 01:11:55 - app.main - INFO - Shutting down TherapyBro application
2025-10-18 01:11:56 - app.main - INFO - Allowed CORS origins: ['http://localhost:3000']
2025-10-18 01:11:56 - app.main - INFO - Starting TherapyBro application
2025-10-18 01:11:56 - app.main - INFO - Database initialized successfully
2025-10-18 01:14:21 - app.main - INFO - Shutting down TherapyBro application
2025-10-18 01:14:22 - app.main - INFO - Allowed CORS origins: ['http://localhost:3000']
2025-10-18 01:14:22 - app.main - INFO - Starting TherapyBro application
2025-10-18 01:14:22 - app.main - INFO - Database initialized successfully
2025-10-18 01:14:32 - app.main - INFO - Shutting down TherapyBro application
2025-10-18 01:14:32 - app.main - INFO - Allowed CORS origins: ['http://localhost:3000']
2025-10-18 01:14:32 - app.main - INFO - Starting TherapyBro application
2025-10-18 01:14:32 - app.main - INFO - Database initialized successfully
2025-10-18 01:15:33 - app.main - INFO - Allowed CORS origins: ['http://localhost:3000']
2025-10-18 01:16:23 - app.main - INFO - Shutting down TherapyBro application
2025-10-18 01:16:24 - app.main - INFO - Allowed CORS origins: ['http://localhost:3000']
2025-10-18 01:16:24 - app.main - INFO - Starting TherapyBro application
2025-10-18 01:16:24 - app.main - INFO - Database initialized successfully
2025-10-18 01:16:36 - app.main - INFO - Allowed CORS origins: ['http://localhost:3000']
2025-10-18 01:16:52 - app.main - INFO - Shutting down TherapyBro application
2025-10-18 01:16:53 - app.main - INFO - Allowed CORS origins: ['http://localhost:3000']
2025-10-18 01:16:53 - app.main - INFO - Starting TherapyBro application
2025-10-18 01:16:53 - app.main - INFO - Database initialized successfully
2025-10-18 01:16:54 - app.main - INFO - Allowed CORS origins: ['http://localhost:3000']
2025-10-18 01:16:57 - app.main - INFO - Shutting down TherapyBro application
2025-10-18 01:16:58 - app.main - INFO - Allowed CORS origins: ['http://localhost:3000']
2025-10-18 01:16:58 - app.main - INFO - Starting TherapyBro application
2025-10-18 01:16:58 - app.main - INFO - Database initialized successfully
2025-10-18 01:18:11 - app.main - INFO - Shutting down TherapyBro application
2025-10-18 01:18:12 - app.main - INFO - Allowed CORS origins: ['http://localhost:3000']
2025-10-18 01:18:12 - app.main - INFO - Starting TherapyBro application
2025-10-18 01:18:12 - app.main - INFO - Database initialized successfully
2025-10-18 01:18:23 - app.main - INFO - Shutting down TherapyBro application
2025-10-18 01:18:24 - app.main - INFO - Allowed CORS origins: ['http://localhost:3000']
2025-10-18 01:18:24 - app.main - INFO - Starting TherapyBro application
2025-10-18 01:18:24 - app.main - INFO - Database initialized successfully
2025-10-18 01:21:46 - app.main - INFO - Shutting down TherapyBro application
2025-10-18 01:21:48 - app.main - INFO - Allowed CORS origins: ['http://localhost:3000']
2025-10-18 01:21:48 - app.main - INFO - Starting TherapyBro application
2025-10-18 01:21:48 - app.main - INFO - Database initialized successfully
2025-10-18 01:24:54 - app.main - INFO - Shutting down TherapyBro application
2025-10-18 01:24:55 - app.main - INFO - Allowed CORS origins: ['http://localhost:3000']
2025-10-18 01:24:55 - app.main - INFO - Starting TherapyBro application
2025-10-18 01:24:55 - app.main - INFO - Database initialized successfully
2025-10-19 22:01:17 - app.main - INFO - Allowed CORS origins: ['http://localhost:3000']
2025-10-19 22:01:17 - app.main - INFO - Starting TherapyBro application
2025-10-19 22:01:17 - app.main - INFO - Database initialized successfully
2025-10-19 22:08:55 - app.main - INFO - Shutting down TherapyBro application
2025-10-19 22:08:56 - app.main - INFO - Allowed CORS origins: ['http://localhost:3000']
2025-10-19 22:08:56 - app.main - INFO - Starting TherapyBro application
2025-10-19 22:08:56 - app.main - INFO - Database initialized successfully
2025-10-19 22:09:18 - app.main - INFO - Shutting down TherapyBro application
2025-10-19 22:09:19 - app.main - INFO - Allowed CORS origins: ['http://localhost:3000']
2025-10-19 22:09:19 - app.main - INFO - Starting TherapyBro application
2025-10-19 22:09:19 - app.main - INFO - Database initialized successfully
2025-10-19 22:13:46 - app.main - INFO - Shutting down TherapyBro application
2025-10-19 22:13:47 - app.main - INFO - Allowed CORS origins: ['http://localhost:3000']
2025-10-19 22:13:47 - app.main - INFO - Starting TherapyBro application
2025-10-19 22:13:47 - app.main - INFO - Database initialized successfully
2025-10-19 22:13:51 - app.main - INFO - Shutting down TherapyBro application
2025-10-19 22:13:51 - app.main - INFO - Allowed CORS origins: ['http://localhost:3000']
2025-10-19 22:13:51 - app.main - INFO - Starting TherapyBro application
2025-10-19 22:13:51 - app.main - INFO - Database initialized successfully
2025-10-19 22:14:44 - app.main - INFO - Shutting down TherapyBro application
2025-10-19 22:14:44 - app.main - INFO - Allowed CORS origins: ['http://localhost:3000']
2025-10-19 22:14:44 - app.main - INFO - Starting TherapyBro application
2025-10-19 22:14:44 - app.main - INFO - Database initialized successfully
2025-10-19 22:14:48 - app.main - INFO - Shutting down TherapyBro application
2025-10-19 22:14:49 - app.main - INFO - Allowed CORS origins: ['http://localhost:3000']
2025-10-19 22:14:49 - app.main - INFO - Starting TherapyBro application
2025-10-19 22:14:49 - app.main - INFO - Database initialized successfully
2025-10-19 22:15:07 - app.main - INFO - Shutting down TherapyBro application
2025-10-19 22:15:08 - app.main - INFO - Allowed CORS origins: ['http://localhost:3000']
2025-10-19 22:15:08 - app.main - INFO - Starting TherapyBro application
2025-10-19 22:15:08 - app.main - INFO - Database initialized successfully
2025-10-19 22:15:10 - app.main - INFO - Shutting down TherapyBro application
2025-10-19 22:15:11 - app.main - INFO - Allowed CORS origins: ['http://localhost:3000']
2025-10-19 22:15:11 - app.main - INFO - Starting TherapyBro application
2025-10-19 22:15:11 - app.main - INFO - Database initialized successfully
2025-10-19 22:15:14 - app.main - INFO - Shutting down TherapyBro application
2025-10-19 22:15:15 - app.main - INFO - Allowed CORS origins: ['http://localhost:3000']
2025-10-19 22:15:15 - app.main - INFO - Starting TherapyBro application
2025-10-19 22:15:15 - app.main - INFO - Database initialized successfully
2025-10-19 22:15:18 - app.main - INFO - Shutting down TherapyBro application
2025-10-19 22:15:18 - app.main - INFO - Allowed CORS origins: ['http://localhost:3000']
2025-10-19 22:15:18 - app.main - INFO - Starting TherapyBro application
2025-10-19 22:15:18 - app.main - INFO - Database initialized successfully
2025-10-19 22:15:26 - app.main - INFO - Shutting down TherapyBro application
2025-10-19 22:15:27 - app.main - INFO - Allowed CORS origins: ['http://localhost:3000']
2025-10-19 22:15:27 - app.main - INFO - Starting TherapyBro application
2025-10-19 22:15:27 - app.main - INFO - Database initialized successfully
2025-10-19 22:15:33 - app.main - INFO - Shutting down TherapyBro application
2025-10-19 22:15:34 - app.main - INFO - Allowed CORS origins: ['http://localhost:3000']
2025-10-19 22:15:34 - app.main - INFO - Starting TherapyBro application
2025-10-19 22:15:34 - app.main - INFO - Database initialized successfully
2025-10-19 22:15:41 - app.main - INFO - Shutting down TherapyBro application
2025-10-19 22:15:42 - app.main - INFO - Allowed CORS origins: ['http://localhost:3000']
2025-10-19 22:15:42 - app.main - INFO - Starting TherapyBro application
2025-10-19 22:15:42 - app.main - INFO - Database initialized successfully
2025-10-19 22:15:54 - app.main - INFO - Shutting down TherapyBro application
2025-10-19 22:15:54 - app.main - INFO - Allowed CORS origins: ['http://localhost:3000']
2025-10-19 22:15:54 - app.main - INFO - Starting TherapyBro application
2025-10-19 22:15:54 - app.main - INFO - Database initialized successfully
2025-10-19 22:16:00 - app.main - INFO - Shutting down TherapyBro application
2025-10-19 22:16:01 - app.main - INFO - Allowed CORS origins: ['http://localhost:3000']
2025-10-19 22:16:01 - app.main - INFO - Starting TherapyBro application
2025-10-19 22:16:01 - app.main - INFO - Database initialized successfully
2025-10-19 22:16:21 - app.main - INFO - Shutting down TherapyBro application
2025-10-19 22:16:22 - app.main - INFO - Allowed CORS origins: ['http://localhost:3000']
2025-10-19 22:16:22 - app.main - INFO - Starting TherapyBro application
2025-10-19 22:16:22 - app.main - INFO - Database initialized successfully
2025-10-19 22:16:41 - app.main - INFO - Shutting down TherapyBro application
2025-10-19 22:16:42 - app.main - INFO - Allowed CORS origins: ['http://localhost:3000']
2025-10-19 22:16:42 - app.main - INFO - Starting TherapyBro application
2025-10-19 22:16:42 - app.main - INFO - Database initialized successfully
2025-10-19 22:48:21 - app.main - INFO - Shutting down TherapyBro application
2025-10-19 22:48:21 - app.main - INFO - Allowed CORS origins: ['http://localhost:3000']
2025-10-19 22:48:21 - app.main - INFO - Starting TherapyBro application
2025-10-19 22:48:21 - app.main - INFO - Database initialized successfully
2025-10-19 22:56:01 - app.main - INFO - Shutting down TherapyBro application
2025-10-19 22:56:02 - app.main - INFO - Allowed CORS origins: ['http://localhost:3000']
2025-10-19 22:56:02 - app.main - INFO - Starting TherapyBro application
2025-10-19 22:56:02 - app.main - INFO - Database initialized successfully
2025-10-19 22:56:53 - app.main - INFO - Shutting down TherapyBro application
2025-10-19 22:56:54 - app.main - INFO - Allowed CORS origins: ['http://localhost:3000']
2025-10-19 22:56:54 - app.main - INFO - Starting TherapyBro application
2025-10-19 22:56:54 - app.main - INFO - Database initialized successfully
2025-10-19 22:56:58 - app.main - INFO - Shutting down TherapyBro application
2025-10-19 22:56:59 - app.main - INFO - Allowed CORS origins: ['http://localhost:3000']
2025-10-19 22:56:59 - app.main - INFO - Starting TherapyBro application
2025-10-19 22:56:59 - app.main - INFO - Database initialized successfully
2025-10-19 22:57:23 - app.main - INFO - Shutting down TherapyBro application
2025-10-19 22:57:24 - app.main - INFO - Allowed CORS origins: ['http://localhost:3000']
2025-10-19 22:57:24 - app.main - INFO - Starting TherapyBro application
2025-10-19 22:57:24 - app.main - INFO - Database initialized successfully
2025-10-19 22:57:52 - app.main - INFO - Shutting down TherapyBro application
2025-10-19 22:57:52 - app.main - INFO - Allowed CORS origins: ['http://localhost:3000']
2025-10-19 22:57:52 - app.main - INFO - Starting TherapyBro application
2025-10-19 22:57:52 - app.main - INFO - Database initialized successfully
2025-10-19 22:57:57 - app.main - INFO - Shutting down TherapyBro application
2025-10-19 22:57:57 - app.main - INFO - Allowed CORS origins: ['http://localhost:3000']
2025-10-19 22:57:57 - app.main - INFO - Starting TherapyBro application
2025-10-19 22:57:57 - app.main - INFO - Database initialized successfully
2025-10-19 22:58:11 - app.main - INFO - Shutting down TherapyBro application
2025-10-19 22:58:12 - app.main - INFO - Allowed CORS origins: ['http://localhost:3000']
2025-10-19 22:58:12 - app.main - INFO - Starting TherapyBro application
2025-10-19 22:58:12 - app.main - INFO - Database initialized successfully
2025-10-19 22:58:18 - app.main - INFO - Shutting down TherapyBro application
2025-10-19 22:58:19 - app.main - INFO - Allowed CORS origins: ['http://localhost:3000']
2025-10-19 22:58:19 - app.main - INFO - Starting TherapyBro application
2025-10-19 22:58:19 - app.main - INFO - Database initialized successfully
2025-10-19 22:58:22 - app.main - INFO - Shutting down TherapyBro application
2025-10-19 22:58:23 - app.main - INFO - Allowed CORS origins: ['http://localhost:3000']
2025-10-19 22:58:23 - app.main - INFO - Starting TherapyBro application
2025-10-19 22:58:23 - app.main - INFO - Database initialized successfully
2025-10-19 22:58:29 - app.main - INFO - Shutting down TherapyBro application
2025-10-19 22:58:30 - app.main - INFO - Allowed CORS origins: ['http://localhost:3000']
2025-10-19 22:58:30 - app.main - INFO - Starting TherapyBro application
2025-10-19 22:58:30 - app.main - INFO - Database initialized successfully
2025-10-19 22:58:35 - app.main - INFO - Shutting down TherapyBro application
2025-10-19 22:58:36 - app.main - INFO - Allowed CORS origins: ['http://localhost:3000']
2025-10-19 22:58:36 - app.main - INFO - Starting TherapyBro application
2025-10-19 22:58:36 - app.main - INFO - Database initialized successfully
2025-10-19 22:58:40 - app.main - INFO - Shutting down TherapyBro application
2025-10-19 22:58:41 - app.main - INFO - Allowed CORS origins: ['http://localhost:3000']
2025-10-19 22:58:41 - app.main - INFO - Starting TherapyBro application
2025-10-19 22:58:41 - app.main - INFO - Database initialized successfully
2025-10-19 22:59:06 - app.main - INFO - Shutting down TherapyBro application
2025-10-19 22:59:07 - app.main - INFO - Allowed CORS origins: ['http://localhost:3000']
2025-10-19 22:59:07 - app.main - INFO - Starting TherapyBro application
2025-10-19 22:59:07 - app.main - INFO - Database initialized successfully
2025-10-19 22:59:22 - app.main - INFO - Shutting down TherapyBro application
2025-10-19 22:59:22 - app.main - INFO - Allowed CORS origins: ['http://localhost:3000']
2025-10-19 22:59:22 - app.main - INFO - Starting TherapyBro application
2025-10-19 22:59:22 - app.main - INFO - Database initialized successfully
2025-10-19 22:59:29 - app.main - INFO - Shutting down TherapyBro application
2025-10-19 22:59:29 - app.main - INFO - Allowed CORS origins: ['http://localhost:3000']
2025-10-19 22:59:29 - app.main - INFO - Starting TherapyBro application
2025-10-19 22:59:29 - app.main - INFO - Database initialized successfully
2025-10-19 23:00:09 - app.main - INFO - Shutting down TherapyBro application
2025-10-19 23:00:10 - app.main - INFO - Allowed CORS origins: ['http://localhost:3000']
2025-10-19 23:00:10 - app.main - INFO - Starting TherapyBro application
2025-10-19 23:00:10 - app.main - INFO - Database initialized successfully
2025-10-19 23:00:14 - app.main - INFO - Shutting down TherapyBro application
2025-10-19 23:04:09 - app.main - INFO - Allowed CORS origins: ['http://localhost:3000']
2025-10-19 23:04:09 - app.main - INFO - Starting TherapyBro application
2025-10-19 23:04:09 - app.main - INFO - Database initialized successfully
2025-10-19 23:04:16 - app.main - INFO - Shutting down TherapyBro application
2025-10-19 23:04:18 - app.main - INFO - Allowed CORS origins: ['http://localhost:3000']
2025-10-19 23:04:18 - app.main - INFO - Starting TherapyBro application
2025-10-19 23:04:18 - app.main - INFO - Database initialized successfully
2025-10-19 23:08:44 - app.main - INFO - Shutting down TherapyBro application
2025-10-19 23:11:22 - app.main - INFO - Allowed CORS origins: ['http://localhost:3000']
2025-10-19 23:11:22 - app.main - INFO - Starting TherapyBro application
2025-10-19 23:11:22 - app.main - INFO - Database initialized successfully
2025-10-20 01:15:15 - app.main - INFO - Shutting down TherapyBro application
2025-10-20 01:15:16 - app.main - INFO - Allowed CORS origins: ['http://localhost:3000']
2025-10-20 01:15:16 - app.main - INFO - Starting TherapyBro application
2025-10-20 01:15:16 - app.main - INFO - Database initialized successfully
2025-10-20 01:16:55 - app.main - INFO - Shutting down TherapyBro application
2025-10-20 01:16:55 - app.main - INFO - Allowed CORS origins: ['http://localhost:3000']
2025-10-20 01:16:55 - app.main - INFO - Starting TherapyBro application
2025-10-20 01:16:55 - app.main - INFO - Database initialized successfully
2025-10-20 01:25:18 - app.main - INFO - Shutting down TherapyBro application
2025-10-20 01:25:19 - app.main - INFO - Allowed CORS origins: ['http://localhost:3000']
2025-10-20 01:25:19 - app.main - INFO - Starting TherapyBro application
2025-10-20 01:25:19 - app.main - INFO - Database initialized successfully
2025-10-20 01:25:26 - app.main - INFO - Shutting down TherapyBro application
2025-10-20 01:25:26 - app.main - INFO - Allowed CORS origins: ['http://localhost:3000']
2025-10-20 01:25:26 - app.main - INFO - Starting TherapyBro application
2025-10-20 01:25:26 - app.main - INFO - Database initialized successfully
2025-10-20 01:25:29 - app.main - INFO - Shutting down TherapyBro application
2025-10-20 01:25:29 - app.main - INFO - Allowed CORS origins: ['http://localhost:3000']
2025-10-20 01:25:29 - app.main - INFO - Starting TherapyBro application
2025-10-20 01:25:29 - app.main - INFO - Database initialized successfully
2025-10-20 01:25:35 - app.main - INFO - Shutting down TherapyBro application
2025-10-20 01:25:35 - app.main - INFO - Allowed CORS origins: ['http://localhost:3000']
2025-10-20 01:25:35 - app.main - INFO - Starting TherapyBro application
2025-10-20 01:25:35 - app.main - INFO - Database initialized successfully
2025-10-20 01:25:39 - app.main - INFO - Shutting down TherapyBro application
2025-10-20 01:25:39 - app.main - INFO - Allowed CORS origins: ['http://localhost:3000']
2025-10-20 01:25:39 - app.main - INFO - Starting TherapyBro application
2025-10-20 01:25:39 - app.main - INFO - Database initialized successfully
2025-10-20 01:25:45 - app.main - INFO - Shutting down TherapyBro application
2025-10-20 01:25:48 - app.main - INFO - Allowed CORS origins: ['http://localhost:3000']
2025-10-20 01:25:48 - app.main - INFO - Starting TherapyBro application
2025-10-20 01:25:48 - app.main - INFO - Database initialized successfully
2025-10-20 01:25:51 - app.main - INFO - Shutting down TherapyBro application
2025-10-20 01:25:52 - app.main - INFO - Allowed CORS origins: ['http://localhost:3000']
2025-10-20 01:25:52 - app.main - INFO - Starting TherapyBro application
2025-10-20 01:25:52 - app.main - INFO - Database initialized successfully
2025-10-20 01:25:55 - app.main - INFO - Shutting down TherapyBro application
2025-10-20 01:25:55 - app.main - INFO - Allowed CORS origins: ['http://localhost:3000']
2025-10-20 01:25:55 - app.main - INFO - Starting TherapyBro application
2025-10-20 01:25:55 - app.main - INFO - Database initialized successfully
2025-10-20 01:26:02 - app.main - INFO - Shutting down TherapyBro application
2025-10-20 01:26:02 - app.main - INFO - Allowed CORS origins: ['http://localhost:3000']
2025-10-20 01:26:02 - app.main - INFO - Starting TherapyBro application
2025-10-20 01:26:02 - app.main - INFO - Database initialized successfully
2025-10-20 01:26:07 - app.main - INFO - Shutting down TherapyBro application
2025-10-20 01:26:07 - app.main - INFO - Allowed CORS origins: ['http://localhost:3000']
2025-10-20 01:26:07 - app.main - INFO - Starting TherapyBro application
2025-10-20 01:26:07 - app.main - INFO - Database initialized successfully
2025-10-20 01:26:11 - app.main - INFO - Shutting down TherapyBro application
2025-10-20 01:26:12 - app.main - INFO - Allowed CORS origins: ['http://localhost:3000']
2025-10-20 01:26:12 - app.main - INFO - Starting TherapyBro application
2025-10-20 01:26:12 - app.main - INFO - Database initialized successfully
2025-10-20 01:26:16 - app.main - INFO - Shutting down TherapyBro application
2025-10-20 01:26:16 - app.main - INFO - Allowed CORS origins: ['http://localhost:3000']
2025-10-20 01:26:16 - app.main - INFO - Starting TherapyBro application
2025-10-20 01:26:16 - app.main - INFO - Database initialized successfully
2025-10-20 01:26:53 - app.main - INFO - Shutting down TherapyBro application
2025-10-20 01:26:53 - app.main - INFO - Allowed CORS origins: ['http://localhost:3000']
2025-10-20 01:26:53 - app.main - INFO - Starting TherapyBro application
2025-10-20 01:26:53 - app.main - INFO - Database initialized successfully
2025-10-20 01:26:56 - app.main - INFO - Shutting down TherapyBro application
2025-10-20 01:26:56 - app.main - INFO - Allowed CORS origins: ['http://localhost:3000']
2025-10-20 01:26:56 - app.main - INFO - Starting TherapyBro application
2025-10-20 01:26:56 - app.main - INFO - Database initialized successfully
2025-10-20 01:27:04 - app.main - INFO - Shutting down TherapyBro application
2025-10-20 01:27:05 - app.main - INFO - Allowed CORS origins: ['http://localhost:3000']
2025-10-20 01:27:05 - app.main - INFO - Starting TherapyBro application
2025-10-20 01:27:05 - app.main - INFO - Database initialized successfully
2025-10-20 01:27:11 - app.main - INFO - Shutting down TherapyBro application
2025-10-20 01:27:12 - app.main - INFO - Allowed CORS origins: ['http://localhost:3000']
2025-10-20 01:27:12 - app.main - INFO - Starting TherapyBro application
2025-10-20 01:27:12 - app.main - INFO - Database initialized successfully
2025-10-20 01:27:27 - app.main - INFO - Shutting down TherapyBro application
2025-10-20 01:27:27 - app.main - INFO - Allowed CORS origins: ['http://localhost:3000']
2025-10-20 01:27:27 - app.main - INFO - Starting TherapyBro application
2025-10-20 01:27:27 - app.main - INFO - Database initialized successfully
2025-10-20 01:27:35 - app.main - INFO - Shutting down TherapyBro application
2025-10-20 01:27:35 - app.main - INFO - Allowed CORS origins: ['http://localhost:3000']
2025-10-20 01:27:35 - app.main - INFO - Starting TherapyBro application
2025-10-20 01:27:35 - app.main - INFO - Database initialized successfully
2025-10-20 01:27:46 - app.main - INFO - Shutting down TherapyBro application
2025-10-20 01:27:46 - app.main - INFO - Allowed CORS origins: ['http://localhost:3000']
2025-10-20 01:27:46 - app.main - INFO - Starting TherapyBro application
2025-10-20 01:27:46 - app.main - INFO - Database initialized successfully
2025-10-20 01:28:05 - app.main - INFO - Shutting down TherapyBro application
2025-10-20 01:28:05 - app.main - INFO - Allowed CORS origins: ['http://localhost:3000']
2025-10-20 01:28:05 - app.main - INFO - Starting TherapyBro application
2025-10-20 01:28:05 - app.main - INFO - Database initialized successfully
2025-10-20 01:28:13 - app.main - INFO - Shutting down TherapyBro application
2025-10-20 01:28:13 - app.main - INFO - Allowed CORS origins: ['http://localhost:3000']
2025-10-20 01:28:13 - app.main - INFO - Starting TherapyBro application
2025-10-20 01:28:13 - app.main - INFO - Database initialized successfully
2025-10-20 01:28:18 - app.main - INFO - Shutting down TherapyBro application
2025-10-20 01:28:19 - app.main - INFO - Allowed CORS origins: ['http://localhost:3000']
2025-10-20 01:28:19 - app.main - INFO - Starting TherapyBro application
2025-10-20 01:28:19 - app.main - INFO - Database initialized successfully
2025-10-20 01:28:35 - app.main - INFO - Allowed CORS origins: ['http://localhost:3000']
2025-10-20 01:28:50 - app.main - INFO - Allowed CORS origins: ['http://localhost:3000']
2025-10-20 01:28:50 - app.main - INFO - Starting TherapyBro application
2025-10-20 01:28:50 - app.main - INFO - Database initialized successfully
2025-10-20 01:47:47 - app.main - INFO - Shutting down TherapyBro application
2025-10-20 01:47:48 - app.main - INFO - Allowed CORS origins: ['http://localhost:3000']
2025-10-20 01:47:48 - app.main - INFO - Starting TherapyBro application
2025-10-20 01:47:48 - app.main - INFO - Database initialized successfully
2025-10-20 01:51:37 - app.main - INFO - Shutting down TherapyBro application
2025-10-20 01:51:38 - app.main - INFO - Allowed CORS origins: ['http://localhost:3000']
2025-10-20 01:51:38 - app.main - INFO - Starting TherapyBro application
2025-10-20 01:51:38 - app.main - INFO - Database initialized successfully
2025-10-20 01:52:06 - app.main - INFO - Shutting down TherapyBro application
2025-10-20 01:52:07 - app.main - INFO - Allowed CORS origins: ['http://localhost:3000']
2025-10-20 01:52:07 - app.main - INFO - Starting TherapyBro application
2025-10-20 01:52:07 - app.main - INFO - Database initialized successfully
2025-10-20 01:52:19 - app.main - INFO - Shutting down TherapyBro application
2025-10-20 01:54:14 - app.main - INFO - Allowed CORS origins: ['http://localhost:3000']
